<?xml version="1.0" encoding="UTF-8"?>
<!-- Generated by org.testng.reporters.JUnitReportReporter -->
<testsuite hostname="INDHYDELP210" failures="0" tests="4" name="testsuite.Urban_Testing" time="51.910" errors="0" timestamp="29 Mar 2022 04:37:09 GMT" skipped="0">
  <testcase classname="testsuite.Urban_Testing" name="regressionTesting" time="23.710"/>
  <testcase classname="testsuite.Urban_Testing" name="smokeTesting" time="3.104"/>
  <testcase classname="testsuite.Urban_Testing" name="regressionTesting" time="23.155"/>
  <testcase classname="testsuite.Urban_Testing" name="smokeTesting" time="1.941"/>
</testsuite> <!-- testsuite.Urban_Testing -->
