<?xml version="1.0" encoding="UTF-8"?>
<!-- Generated by org.testng.reporters.JUnitReportReporter -->
<testsuite hostname="INDHYDELP210" failures="0" tests="2" name="base.Base" time="0.195" errors="0" timestamp="30 Mar 2022 09:51:56 GMT" skipped="0">
  <testcase classname="base.Base" name="closeBrowser" time="0.111"/>
  <testcase classname="base.Base" name="closeBrowser" time="0.084"/>
</testsuite> <!-- base.Base -->
