<?xml version="1.0" encoding="UTF-8"?>
<!-- Generated by org.testng.reporters.JUnitReportReporter -->
<testsuite hostname="INDHYDELP204" failures="0" tests="2" name="testsuite.UrbanTestingRegression" time="54.197" errors="0" timestamp="31 Mar 2022 04:15:10 GMT" skipped="0">
  <testcase classname="testsuite.UrbanTestingRegression" name="regressionTesting" time="28.287"/>
  <testcase classname="testsuite.UrbanTestingRegression" name="regressionTesting" time="25.910"/>
</testsuite> <!-- testsuite.UrbanTestingRegression -->
