<?xml version="1.0" encoding="UTF-8"?>
<!-- Generated by org.testng.reporters.JUnitReportReporter -->
<testsuite hostname="INDHYDELP204" failures="0" tests="2" name="testsuite.UrbanTestingSmoke" time="7.671" errors="0" timestamp="31 Mar 2022 04:15:10 GMT" skipped="0">
  <testcase classname="testsuite.UrbanTestingSmoke" name="smokeTesting" time="4.285"/>
  <testcase classname="testsuite.UrbanTestingSmoke" name="smokeTesting" time="3.386"/>
</testsuite> <!-- testsuite.UrbanTestingSmoke -->
