<?xml version="1.0" encoding="UTF-8"?>
<!-- Generated by org.testng.reporters.JUnitReportReporter -->
<testsuite hostname="INDHYDELP210" failures="0" tests="4" name="testsuite.UrbanTesting" time="69.909" errors="0" timestamp="29 Mar 2022 06:58:39 GMT" skipped="0">
  <testcase classname="testsuite.UrbanTesting" name="smokeTesting" time="4.103"/>
  <testcase classname="testsuite.UrbanTesting" name="smokeTesting" time="5.743"/>
  <testcase classname="testsuite.UrbanTesting" name="regressionTesting" time="30.549"/>
  <testcase classname="testsuite.UrbanTesting" name="regressionTesting" time="29.514"/>
</testsuite> <!-- testsuite.UrbanTesting -->
